<?xml version="1.0" encoding="UTF-8" ?>
<testsuite errors="2" failures="0" hostname="DESKTOP-VIUDDN2" name="crossbrowser.LoginLogoutEdge" skipped="0" tests="1" time="1.563" timestamp="2018-01-25T10:28:13">
  <properties>
    <property name="java.vendor" value="Oracle Corporation" />
    <property name="env.USERDOMAIN_ROAMINGPROFILE" value="DESKTOP-VIUDDN2" />
    <property name="sun.java.launcher" value="SUN_STANDARD" />
    <property name="eclipse.pdebuild.templates" value="/C:/Users/edgewords/eclipse/jee-neon/eclipse/../../../.p2/pool/plugins/org.eclipse.pde.build_3.9.200.v20160204-0642/templates/" />
    <property name="sun.management.compiler" value="HotSpot 64-Bit Tiered Compilers" />
    <property name="env.PROMPT" value="$P$G" />
    <property name="ant.file.type.WebDriver" value="file" />
    <property name="os.name" value="Windows 10" />
    <property name="sun.boot.class.path" value="C:\Program Files\Java\jre1.8.0_131\lib\resources.jar;C:\Program Files\Java\jre1.8.0_131\lib\rt.jar;C:\Program Files\Java\jre1.8.0_131\lib\sunrsasign.jar;C:\Program Files\Java\jre1.8.0_131\lib\jsse.jar;C:\Program Files\Java\jre1.8.0_131\lib\jce.jar;C:\Program Files\Java\jre1.8.0_131\lib\charsets.jar;C:\Program Files\Java\jre1.8.0_131\lib\jfr.jar;C:\Program Files\Java\jre1.8.0_131\classes" />
    <property name="env.COMPUTERNAME" value="DESKTOP-VIUDDN2" />
    <property name="env.CommonProgramW6432" value="C:\Program Files\Common Files" />
    <property name="env.ALLUSERSPROFILE" value="C:\ProgramData" />
    <property name="sun.desktop" value="windows" />
    <property name="java.vm.specification.vendor" value="Oracle Corporation" />
    <property name="ant.home" value="C:\Users\edgewords\.p2\pool\plugins\org.apache.ant_1.9.6.v201510161327" />
    <property name="env.DriverServers" value="C:\Users\edgewords\Documents\DriverServers" />
    <property name="java.runtime.version" value="1.8.0_131-b11" />
    <property name="env.HOMEPATH" value="\Users\edgewords" />
    <property name="user.name" value="edgewords" />
    <property name="user.language" value="en" />
    <property name="sun.boot.library.path" value="C:\Program Files\Java\jre1.8.0_131\bin" />
    <property name="ant.project.default-target" value="build" />
    <property name="ant.project.name" value="WebDriver" />
    <property name="java.version" value="1.8.0_131" />
    <property name="env.PROCESSOR_IDENTIFIER" value="Intel64 Family 6 Model 60 Stepping 3, GenuineIntel" />
    <property name="user.timezone" value="" />
    <property name="env.TEMP" value="C:\Users\EDGEWO~1\AppData\Local\Temp" />
    <property name="sun.arch.data.model" value="64" />
    <property name="java.endorsed.dirs" value="C:\Program Files\Java\jre1.8.0_131\lib\endorsed" />
    <property name="sun.cpu.isalist" value="amd64" />
    <property name="env.HOMEDRIVE" value="C:" />
    <property name="sun.jnu.encoding" value="Cp1252" />
    <property name="file.encoding.pkg" value="sun.io" />
    <property name="ECLIPSE_HOME" value="../../eclipse/jee-neon/eclipse/" />
    <property name="file.separator" value="\" />
    <property name="java.specification.name" value="Java Platform API Specification" />
    <property name="java.class.version" value="52.0" />
    <property name="user.country" value="GB" />
    <property name="java.home" value="C:\Program Files\Java\jre1.8.0_131" />
    <property name="env.PSModulePath" value="C:\Program Files\WindowsPowerShell\Modules;C:\Windows\system32\WindowsPowerShell\v1.0\Modules" />
    <property name="env.APPDATA" value="C:\Users\edgewords\AppData\Roaming" />
    <property name="env.PUBLIC" value="C:\Users\Public" />
    <property name="java.vm.info" value="mixed mode" />
    <property name="env.ComSpec" value="C:\Windows\system32\cmd.exe" />
    <property name="env.OS" value="Windows_NT" />
    <property name="env.CommonProgramFiles" value="C:\Program Files\Common Files" />
    <property name="ant.file" value="C:\Users\edgewords\workspace\WebDriver\build.xml" />
    <property name="os.version" value="10.0" />
    <property name="env.ProgramW6432" value="C:\Program Files" />
    <property name="path.separator" value=";" />
    <property name="java.vm.version" value="25.131-b11" />
    <property name="user.variant" value="" />
    <property name="env.USERPROFILE" value="C:\Users\edgewords" />
    <property name="ant.library.dir" value="C:\Users\edgewords\.p2\pool\plugins\org.apache.ant_1.9.6.v201510161327\lib" />
    <property name="junit.output.dir" value="junit" />
    <property name="env.JAVA_HOME" value="C:\Program Files\Java\jdk1.8.0_131" />
    <property name="java.awt.printerjob" value="sun.awt.windows.WPrinterJob" />
    <property name="env.TMP" value="C:\Users\EDGEWO~1\AppData\Local\Temp" />
    <property name="env.FPS_BROWSER_USER_PROFILE_STRING" value="Default" />
    <property name="sun.io.unicode.encoding" value="UnicodeLittle" />
    <property name="awt.toolkit" value="sun.awt.windows.WToolkit" />
    <property name="user.script" value="" />
    <property name="eclipse.pdebuild.scripts" value="/C:/Users/edgewords/eclipse/jee-neon/eclipse/../../../.p2/pool/plugins/org.eclipse.pde.build_3.9.200.v20160204-0642/scripts/" />
    <property name="user.home" value="C:\Users\edgewords" />
    <property name="target" value="1.8" />
    <property name="env.ProgramData" value="C:\ProgramData" />
    <property name="env.SESSIONNAME" value="Console" />
    <property name="env.ProgramFiles(x86)" value="C:\Program Files (x86)" />
    <property name="java.specification.vendor" value="Oracle Corporation" />
    <property name="java.vendor.url" value="http://java.oracle.com/" />
    <property name="env.NUMBER_OF_PROCESSORS" value="2" />
    <property name="java.library.path" value="C:\Program Files\Java\jre1.8.0_131\bin;C:\Windows\Sun\Java\bin;C:\Windows\system32;C:\Windows;C:/Program Files/Java/jre1.8.0_131/bin/server;C:/Program Files/Java/jre1.8.0_131/bin;C:/Program Files/Java/jre1.8.0_131/lib/amd64;C:\ProgramData\Oracle\Java\javapath;C:\Windows\system32;C:\Windows;C:\Windows\System32\Wbem;C:\Windows\System32\WindowsPowerShell\v1.0\;C:\Program Files\Java\jdk1.8.0_131\bin\;C:\Program Files\Git\cmd;C:\Users\edgewords\AppData\Local\Microsoft\WindowsApps;C:\WTServer\bin;C:\Users\edgewords\.p2\pool\plugins\org.apache.ant_1.9.6.v201510161327\bin;C:\Users\edgewords\Documents\DriverServers;C:\Users\edgewords\AppData\Local\Android\sdk;C:\Users\edgewords\AppData\Local\Android\sdk\emulator;C:\Users\edgewords\AppData\Local\Android\sdk\tools;C:\Users\edgewords\AppData\Local\Android\sdk\platform-tools;C:\Users\edgewords\AppData\Local\Android\sdk\build-tools;;C:\Users\edgewords\Desktop;;." />
    <property name="java.vm.vendor" value="Oracle Corporation" />
    <property name="java.runtime.name" value="Java(TM) SE Runtime Environment" />
    <property name="ant.version" value="Apache Ant(TM) version 1.9.6 compiled on June 29 2015" />
    <property name="sun.java.command" value="org.apache.tools.ant.taskdefs.optional.junit.JUnitTestRunner crossbrowser.LoginLogoutEdge skipNonTests=false filtertrace=true haltOnError=false haltOnFailure=false formatter=org.apache.tools.ant.taskdefs.optional.junit.OutErrSummaryJUnitResultFormatter showoutput=false outputtoformatters=true logfailedtests=true threadid=0 logtestlistenerevents=false formatter=org.apache.tools.ant.taskdefs.optional.junit.XMLJUnitResultFormatter,C:\Users\edgewords\workspace\WebDriver\junit\TEST-crossbrowser.LoginLogoutEdge.xml crashfile=C:\Users\edgewords\workspace\WebDriver\junitvmwatcher8821496176936507056.properties propsfile=C:\Users\edgewords\workspace\WebDriver\junit7612295697543556476.properties" />
    <property name="java.class.path" value="C:\Users\edgewords\workspace\WebDriver\bin;C:\Users\edgewords\Documents\BuildDeps\junit-toolbox-2.3.jar;C:\Users\edgewords\Documents\BuildDeps\Selenium\client-combined-3.4.0-nodeps.jar;C:\Users\edgewords\Documents\BuildDeps\Selenium\lib\cglib-nodep-3.2.4.jar;C:\Users\edgewords\Documents\BuildDeps\Selenium\lib\commons-codec-1.10.jar;C:\Users\edgewords\Documents\BuildDeps\Selenium\lib\commons-exec-1.3.jar;C:\Users\edgewords\Documents\BuildDeps\Selenium\lib\commons-io-2.5.jar;C:\Users\edgewords\Documents\BuildDeps\Selenium\lib\commons-lang3-3.5.jar;C:\Users\edgewords\Documents\BuildDeps\Selenium\lib\commons-logging-1.2.jar;C:\Users\edgewords\Documents\BuildDeps\Selenium\lib\cssparser-0.9.22.jar;C:\Users\edgewords\Documents\BuildDeps\Selenium\lib\gson-2.8.0.jar;C:\Users\edgewords\Documents\BuildDeps\Selenium\lib\guava-21.0.jar;C:\Users\edgewords\Documents\BuildDeps\Selenium\lib\hamcrest-core-1.3.jar;C:\Users\edgewords\Documents\BuildDeps\Selenium\lib\htmlunit-2.26.jar;C:\Users\edgewords\Documents\BuildDeps\Selenium\lib\htmlunit-core-js-2.26.jar;C:\Users\edgewords\Documents\BuildDeps\Selenium\lib\htmlunit-driver-2.26.jar;C:\Users\edgewords\Documents\BuildDeps\Selenium\lib\httpclient-4.5.3.jar;C:\Users\edgewords\Documents\BuildDeps\Selenium\lib\httpcore-4.4.6.jar;C:\Users\edgewords\Documents\BuildDeps\Selenium\lib\httpmime-4.5.3.jar;C:\Users\edgewords\Documents\BuildDeps\Selenium\lib\javax.servlet-api-3.1.0.jar;C:\Users\edgewords\Documents\BuildDeps\Selenium\lib\jetty-io-9.4.1.v20170120.jar;C:\Users\edgewords\Documents\BuildDeps\Selenium\lib\jetty-util-9.4.1.v20170120.jar;C:\Users\edgewords\Documents\BuildDeps\Selenium\lib\jna-4.1.0.jar;C:\Users\edgewords\Documents\BuildDeps\Selenium\lib\jna-platform-4.1.0.jar;C:\Users\edgewords\Documents\BuildDeps\Selenium\lib\junit-4.12.jar;C:\Users\edgewords\Documents\BuildDeps\Selenium\lib\neko-htmlunit-2.25.jar;C:\Users\edgewords\Documents\BuildDeps\Selenium\lib\phantomjsdriver-1.4.0.jar;C:\Users\edgewords\Documents\BuildDeps\Selenium\lib\sac-1.3.jar;C:\Users\edgewords\Documents\BuildDeps\Selenium\lib\serializer-2.7.2.jar;C:\Users\edgewords\Documents\BuildDeps\Selenium\lib\websocket-api-9.4.3.v20170317.jar;C:\Users\edgewords\Documents\BuildDeps\Selenium\lib\websocket-client-9.4.3.v20170317.jar;C:\Users\edgewords\Documents\BuildDeps\Selenium\lib\websocket-common-9.4.3.v20170317.jar;C:\Users\edgewords\Documents\BuildDeps\Selenium\lib\xalan-2.7.2.jar;C:\Users\edgewords\Documents\BuildDeps\Selenium\lib\xercesImpl-2.11.0.jar;C:\Users\edgewords\Documents\BuildDeps\Selenium\lib\xml-apis-1.4.01.jar;C:\Users\edgewords\Documents\BuildDeps\ExtentReports\extentreports-2.41.2.jar;C:\Users\edgewords\Documents\BuildDeps\ExtentReports\lib\ant-1.7.0.jar;C:\Users\edgewords\Documents\BuildDeps\ExtentReports\lib\ant-launcher-1.7.0.jar;C:\Users\edgewords\Documents\BuildDeps\ExtentReports\lib\bsh-2.0b4.jar;C:\Users\edgewords\Documents\BuildDeps\ExtentReports\lib\bson-3.0.4.jar;C:\Users\edgewords\Documents\BuildDeps\ExtentReports\lib\freemarker-2.3.23.jar;C:\Users\edgewords\Documents\BuildDeps\ExtentReports\lib\hamcrest-core-1.1.jar;C:\Users\edgewords\Documents\BuildDeps\ExtentReports\lib\jcommander-1.48.jar;C:\Users\edgewords\Documents\BuildDeps\ExtentReports\lib\jsoup-1.8.3.jar;C:\Users\edgewords\Documents\BuildDeps\ExtentReports\lib\junit-4.10.jar;C:\Users\edgewords\Documents\BuildDeps\ExtentReports\lib\mongodb-driver-3.0.4.jar;C:\Users\edgewords\Documents\BuildDeps\ExtentReports\lib\mongodb-driver-core-3.0.4.jar;C:\Users\edgewords\Documents\BuildDeps\ExtentReports\lib\snakeyaml-1.15.jar;C:\Users\edgewords\Documents\BuildDeps\ExtentReports\lib\sqlite-jdbc-3.8.11.1.jar;C:\Users\edgewords\Documents\BuildDeps\ExtentReports\lib\testng-6.9.9.jar;C:\Users\edgewords\.p2\pool\plugins\org.apache.ant_1.9.6.v201510161327\lib\ant-launcher.jar;C:\Users\edgewords\.p2\pool\plugins\org.apache.ant_1.9.6.v201510161327\lib\ant.jar;C:\Users\edgewords\.p2\pool\plugins\org.apache.ant_1.9.6.v201510161327\lib\ant-junit.jar;C:\Users\edgewords\.p2\pool\plugins\org.apache.ant_1.9.6.v201510161327\lib\ant-junit4.jar" />
    <property name="java.vm.specification.name" value="Java Virtual Machine Specification" />
    <property name="env.windir" value="C:\Windows" />
    <property name="env.LOGONSERVER" value="\\DESKTOP-VIUDDN2" />
    <property name="java.vm.specification.version" value="1.8" />
    <property name="env.PROCESSOR_ARCHITECTURE" value="AMD64" />
    <property name="sun.os.patch.level" value="" />
    <property name="sun.cpu.endian" value="little" />
    <property name="debuglevel" value="source,lines,vars" />
    <property name="env.OneDrive" value="C:\Users\edgewords\OneDrive" />
    <property name="env.ANT_HOME" value="C:\Users\edgewords\.p2\pool\plugins\org.apache.ant_1.9.6.v201510161327" />
    <property name="env.ProgramFiles" value="C:\Program Files" />
    <property name="java.io.tmpdir" value="C:\Users\EDGEWO~1\AppData\Local\Temp\" />
    <property name="env.PROCESSOR_REVISION" value="3c03" />
    <property name="eclipse.pdebuild.home" value="/C:/Users/edgewords/eclipse/jee-neon/eclipse/../../../.p2/pool/plugins/org.eclipse.pde.build_3.9.200.v20160204-0642/./" />
    <property name="env.CommonProgramFiles(x86)" value="C:\Program Files (x86)\Common Files" />
    <property name="java.vendor.url.bug" value="http://bugreport.sun.com/bugreport/" />
    <property name="env.SystemRoot" value="C:\Windows" />
    <property name="env.FPS_BROWSER_APP_PROFILE_STRING" value="Internet Explorer" />
    <property name="java.awt.graphicsenv" value="sun.awt.Win32GraphicsEnvironment" />
    <property name="os.arch" value="amd64" />
    <property name="java.ext.dirs" value="C:\Program Files\Java\jre1.8.0_131\lib\ext;C:\Windows\Sun\Java\lib\ext" />
    <property name="env.LOCALAPPDATA" value="C:\Users\edgewords\AppData\Local" />
    <property name="user.dir" value="C:\Users\edgewords\workspace\WebDriver" />
    <property name="line.separator" value="
" />
    <property name="java.vm.name" value="Java HotSpot(TM) 64-Bit Server VM" />
    <property name="env.PATHEXT" value=".COM;.EXE;.BAT;.CMD;.VBS;.VBE;.JS;.JSE;.WSF;.WSH;.MSC" />
    <property name="env.Path" value="C:/Program Files/Java/jre1.8.0_131/bin/server;C:/Program Files/Java/jre1.8.0_131/bin;C:/Program Files/Java/jre1.8.0_131/lib/amd64;C:\ProgramData\Oracle\Java\javapath;C:\Windows\system32;C:\Windows;C:\Windows\System32\Wbem;C:\Windows\System32\WindowsPowerShell\v1.0\;C:\Program Files\Java\jdk1.8.0_131\bin\;C:\Program Files\Git\cmd;C:\Users\edgewords\AppData\Local\Microsoft\WindowsApps;C:\WTServer\bin;C:\Users\edgewords\.p2\pool\plugins\org.apache.ant_1.9.6.v201510161327\bin;C:\Users\edgewords\Documents\DriverServers;C:\Users\edgewords\AppData\Local\Android\sdk;C:\Users\edgewords\AppData\Local\Android\sdk\emulator;C:\Users\edgewords\AppData\Local\Android\sdk\tools;C:\Users\edgewords\AppData\Local\Android\sdk\platform-tools;C:\Users\edgewords\AppData\Local\Android\sdk\build-tools;;C:\Users\edgewords\Desktop;" />
    <property name="ant.file.WebDriver" value="C:\Users\edgewords\workspace\WebDriver\build.xml" />
    <property name="basedir" value="C:\Users\edgewords\workspace\WebDriver" />
    <property name="ant.java.version" value="1.8" />
    <property name="ant.core.lib" value="C:\Users\edgewords\.p2\pool\plugins\org.apache.ant_1.9.6.v201510161327\lib\ant.jar" />
    <property name="env.USERNAME" value="edgewords" />
    <property name="source" value="1.8" />
    <property name="env.SystemDrive" value="C:" />
    <property name="file.encoding" value="Cp1252" />
    <property name="env.USERDOMAIN" value="DESKTOP-VIUDDN2" />
    <property name="java.specification.version" value="1.8" />
    <property name="ant.project.invoked-targets" value="build,LoginLogoutEdge,junitreport" />
    <property name="env.PROCESSOR_LEVEL" value="6" />
  </properties>
  <testcase classname="crossbrowser.LoginLogoutEdge" name="test" time="0.125">
    <error message="The driver executable does not exist: c:\users\edgewords\documents\DriversNotOnPath\MicrosoftWebDriver.exe" type="java.lang.IllegalStateException">java.lang.IllegalStateException: The driver executable does not exist: c:\users\edgewords\documents\DriversNotOnPath\MicrosoftWebDriver.exe
	at com.google.common.base.Preconditions.checkState(Preconditions.java:518)
	at org.openqa.selenium.remote.service.DriverService.checkExecutable(DriverService.java:136)
	at org.openqa.selenium.remote.service.DriverService.findExecutable(DriverService.java:131)
	at org.openqa.selenium.edge.EdgeDriverService.access$000(EdgeDriverService.java:33)
	at org.openqa.selenium.edge.EdgeDriverService$Builder.findDefaultExecutable(EdgeDriverService.java:63)
	at org.openqa.selenium.remote.service.DriverService$Builder.build(DriverService.java:330)
	at org.openqa.selenium.edge.EdgeDriverService.createDefaultService(EdgeDriverService.java:55)
	at org.openqa.selenium.edge.EdgeDriver.&lt;init&gt;(EdgeDriver.java:96)
	at crossbrowser.LoginLogoutEdge.setUp(LoginLogoutEdge.java:30)
</error>
    <error type="java.lang.NullPointerException">java.lang.NullPointerException
	at crossbrowser.LoginLogoutEdge.tearDown(LoginLogoutEdge.java:38)
</error>
  </testcase>
  <system-out><![CDATA[Testing ended. Closing Edge.
]]></system-out>
  <system-err><![CDATA[]]></system-err>
</testsuite>
